<?xml version="1.0" encoding="UTF-8"?>
<testsuite xmlns:xsi="http://www.w3.org/2001/XMLSchema-instance" xsi:noNamespaceSchemaLocation="https://maven.apache.org/surefire/maven-surefire-plugin/xsd/surefire-test-report-3.0.xsd" version="3.0" name="br.gov.sp.franciscomorato.educacao.processoseletivo.ProcessoSeletivoApplicationTests" time="6.588" tests="1" errors="0" skipped="0" failures="0">
  <properties>
[...]
</properties>
  <testcase name="contextLoads" classname="br.gov.sp.franciscomorato.educacao.processoseletivo.ProcessoSeletivoApplicationTests" time="0.54">
    <system-out><![CDATA[16:24:06.137 [main] INFO org.springframework.test.context.support.AnnotationConfigContextLoaderUtils -- Could not detect default configuration classes for test class [br.gov.sp.franciscomorato.educacao.processoseletivo.ProcessoSeletivoApplicationTests]: ProcessoSeletivoApplicationTests does not declare any static, non-private, non-final, nested classes annotated with @Configuration.
16:24:06.222 [main] INFO org.springframework.boot.test.context.SpringBootTestContextBootstrapper -- Found @SpringBootConfiguration br.gov.sp.franciscomorato.educacao.processoseletivo.ProcessoSeletivoApplication for test class br.gov.sp.franciscomorato.educacao.processoseletivo.ProcessoSeletivoApplicationTests

  .   ____          _            __ _ _
 /\\ / ___'_ __ _ _(_)_ __  __ _ \ \ \ \
( ( )\___ | '_ | '_| | '_ \/ _` | \ \ \ \
 \\/  ___)| |_)| | | | | || (_| |  ) ) ) )
  '  |____| .__|_| |_|_| |_\__, | / / / /
 =========|_|==============|___/=/_/_/_/
 :: Spring Boot ::                (v3.1.3)

2023-10-10T16:24:06.775-03:00  INFO 214381 --- [           main] s.f.e.p.ProcessoSeletivoApplicationTests : Starting ProcessoSeletivoApplicationTests using Java 17.0.6 with PID 214381 (started by vinicius in /home/vinicius/projects/Java/processo-seletivo)
2023-10-10T16:24:06.781-03:00  INFO 214381 --- [           main] s.f.e.p.ProcessoSeletivoApplicationTests : No active profile set, falling back to 1 default profile: "default"
2023-10-10T16:24:07.452-03:00  INFO 214381 --- [           main] .s.d.r.c.RepositoryConfigurationDelegate : Bootstrapping Spring Data JPA repositories in DEFAULT mode.
2023-10-10T16:24:07.504-03:00  INFO 214381 --- [           main] .s.d.r.c.RepositoryConfigurationDelegate : Finished Spring Data repository scanning in 46 ms. Found 8 JPA repository interfaces.
2023-10-10T16:24:08.225-03:00  INFO 214381 --- [           main] o.hibernate.jpa.internal.util.LogHelper  : HHH000204: Processing PersistenceUnitInfo [name: default]
2023-10-10T16:24:08.277-03:00  INFO 214381 --- [           main] org.hibernate.Version                    : HHH000412: Hibernate ORM core version 6.2.7.Final
2023-10-10T16:24:08.282-03:00  INFO 214381 --- [           main] org.hibernate.cfg.Environment            : HHH000406: Using bytecode reflection optimizer
2023-10-10T16:24:08.389-03:00  INFO 214381 --- [           main] o.h.b.i.BytecodeProviderInitiator        : HHH000021: Bytecode provider name : bytebuddy
2023-10-10T16:24:08.510-03:00  INFO 214381 --- [           main] o.s.o.j.p.SpringPersistenceUnitInfo      : No LoadTimeWeaver setup: ignoring JPA class transformer
2023-10-10T16:24:08.525-03:00  INFO 214381 --- [           main] com.zaxxer.hikari.HikariDataSource       : HikariPool-1 - Starting...
2023-10-10T16:24:08.700-03:00  INFO 214381 --- [           main] com.zaxxer.hikari.pool.HikariPool        : HikariPool-1 - Added connection com.mysql.cj.jdbc.ConnectionImpl@11d2714a
2023-10-10T16:24:08.703-03:00  INFO 214381 --- [           main] com.zaxxer.hikari.HikariDataSource       : HikariPool-1 - Start completed.
2023-10-10T16:24:09.000-03:00  INFO 214381 --- [           main] o.h.b.i.BytecodeProviderInitiator        : HHH000021: Bytecode provider name : bytebuddy
2023-10-10T16:24:09.714-03:00  INFO 214381 --- [           main] o.h.e.t.j.p.i.JtaPlatformInitiator       : HHH000490: Using JtaPlatform implementation: [org.hibernate.engine.transaction.jta.platform.internal.NoJtaPlatform]
2023-10-10T16:24:09.946-03:00  INFO 214381 --- [           main] j.LocalContainerEntityManagerFactoryBean : Initialized JPA EntityManagerFactory for persistence unit 'default'
2023-10-10T16:24:10.757-03:00  INFO 214381 --- [           main] o.s.d.j.r.query.QueryEnhancerFactory     : Hibernate is in classpath; If applicable, HQL parser will be used.
2023-10-10T16:24:11.326-03:00  WARN 214381 --- [           main] JpaBaseConfiguration$JpaWebConfiguration : spring.jpa.open-in-view is enabled by default. Therefore, database queries may be performed during view rendering. Explicitly configure spring.jpa.open-in-view to disable this warning
2023-10-10T16:24:11.350-03:00  INFO 214381 --- [           main] s.s.l.DefaultSpringSecurityContextSource : Configure with URL ldap://172.16.1.97 and root DN 
2023-10-10T16:24:11.461-03:00  INFO 214381 --- [           main] o.s.s.web.DefaultSecurityFilterChain     : Will secure any request with [org.springframework.security.web.session.DisableEncodeUrlFilter@13c79e0d, org.springframework.security.web.context.request.async.WebAsyncManagerIntegrationFilter@648639f1, org.springframework.security.web.context.SecurityContextHolderFilter@5fc44b4b, org.springframework.security.web.header.HeaderWriterFilter@670481b2, org.springframework.security.web.authentication.logout.LogoutFilter@367a245e, org.springframework.security.web.authentication.UsernamePasswordAuthenticationFilter@2eebb07, org.springframework.security.web.savedrequest.RequestCacheAwareFilter@7e3062f0, org.springframework.security.web.servletapi.SecurityContextHolderAwareRequestFilter@4dfe14d4, org.springframework.security.web.authentication.AnonymousAuthenticationFilter@210e971e, org.springframework.security.web.access.ExceptionTranslationFilter@4467088e, org.springframework.security.web.access.intercept.AuthorizationFilter@24fcfdb]
2023-10-10T16:24:11.789-03:00  INFO 214381 --- [           main] o.s.b.a.w.s.WelcomePageHandlerMapping    : Adding welcome page template: index
2023-10-10T16:24:11.978-03:00  INFO 214381 --- [           main] o.s.l.c.support.AbstractContextSource    : Property 'userDn' not set - anonymous context will be used for read-write operations
2023-10-10T16:24:12.028-03:00  INFO 214381 --- [           main] s.f.e.p.ProcessoSeletivoApplicationTests : Started ProcessoSeletivoApplicationTests in 5.611 seconds (process running for 6.671)
]]></system-out>
  </testcase>
</testsuite>